<?xml version="1.0" encoding="UTF-8"?>
<testsuite name="RomanNumberGeneratorShould" tests="1" skipped="0" failures="0" errors="0" timestamp="2022-05-09T10:23:41" hostname="quanteon-Aspire-A515-54" time="0.036">
  <properties/>
  <testcase name="generate_a_roman_number_for_given_decimal_number()" classname="RomanNumberGeneratorShould" time="0.036"/>
  <system-out><![CDATA[]]></system-out>
  <system-err><![CDATA[]]></system-err>
</testsuite>
